<?xml version="1.0" encoding="UTF-8"?>
<!-- Generated by org.testng.reporters.JUnitXMLReporter -->
<testsuite ignored="0" hostname="Alien" failures="1" tests="1" name="Test" time="3.044" errors="0" timestamp="2021-06-09T23:16:57 NZST">
  <testcase classname="APIDemo.APITest.AssurityAPIAssignment" name="getAPIProductDetails" time="2.994">
    <failure type="java.lang.AssertionError" message="expected [2x larger image] but found [Good position in category]">
      <![CDATA[java.lang.AssertionError: expected [2x larger image] but found [Good position in category]
at APIDemo.APITest.AssurityAPIAssignment.getAPIProductDetails(AssurityAPIAssignment.java:48)
at java.base/java.util.ArrayList.forEach(ArrayList.java:1540)
... Removed 33 stack frames]]>
    </failure>
  </testcase> <!-- getAPIProductDetails -->
</testsuite> <!-- Test -->
